Case #1: 1 2 3 4 5 6 8 9 7 
Case #2: IMPOSSIBLE
Case #3: 20 19 18 17 16 15 14 13 12 11 10 9 8 7 6 5 4 2 1 3 
Case #4: 1 3 4 5 6 2 7 8 9 10 
Case #5: 12 8 1 13 6 7 9 10 4 11 14 5 3 16 18 2 15 17 19 20 
Case #6: 2 1 4 3 
Case #7: IMPOSSIBLE
Case #8: 1 2 3 4 5 
Case #9: IMPOSSIBLE
Case #10: IMPOSSIBLE
Case #11: IMPOSSIBLE
Case #12: 1 3 6 7 2 4 10 5 9 12 13 8 14 11 15 
Case #13: 1 2 3 4 5 10 6 11 7 14 9 12 8 13 15 17 16 18 20 19 
Case #14: 1 2 3 4 5 
Case #15: 1 
Case #16: 2 1 
Case #17: IMPOSSIBLE
Case #18: 2 3 4 6 7 1 8 9 10 11 5 12 13 14 15 
Case #19: 1 2 3 
Case #20: 1 2 7 8 9 10 11 12 13 14 15 16 3 17 4 18 5 19 6 
Case #21: 1 3 4 5 6 7 8 9 10 11 12 13 2 14 16 17 15 18 19 20 
Case #22: 1 3 7 2 5 6 4 8 10 9 11 12 13 14 15 18 17 16 19 20 
Case #23: 1 3 4 5 2 6 7 9 10 11 8 12 13 14 15 17 16 18 19 20 
Case #24: IMPOSSIBLE
Case #25: 1 
