Case #1: EENSN
Case #2: ENSWN
Case #3: EEEESEEEEEEEEENNNNNN
Case #4: E
Case #5: SEESSSSSSSWWWSSSSWWWN
Case #6: EEEESEEEEENEEENEENNNWW
Case #7: EENNNNNNNNNNWNWWW
Case #8: SWSWWWWWNNWWWWS
Case #9: SEEEEEEEEENENNNW
Case #10: W
Case #11: WS
Case #12: EEEEEE
Case #13: NENNWNNNNWNNNWWWWW
Case #14: EENNNNWNNNNNNNWNSWWW
Case #15: ES
Case #16: EEEEN
Case #17: N
Case #18: NNNNWNNNE
Case #19: ENS
Case #20: ENEEESEEESSSSSS
Case #21: SSWSSSEESSSSSSW
Case #22: NW
Case #23: EEEWEEE
Case #24: ESEEEEEEENEEEEW
Case #25: EENNNNNWNNNN
Case #26: ESEEEEEEENENNN
Case #27: ESEW
Case #28: N
Case #29: NEW
Case #30: SEW
Case #31: NWNS
Case #32: SW
Case #33: S
Case #34: SESSWWSSSSWWWWWW
Case #35: ESN
Case #36: EEEEEE
Case #37: EEEEEESESSSSSWWN
Case #38: ENEESESSW
Case #39: SESSSSSSWSSSNWSW
Case #40: EEEEEEEEEESNEESWE
Case #41: EENEEEEEENNNNWN
Case #42: SENEEEEEEE
Case #43: EEEENEW
Case #44: NEEEEEEENNNN
Case #45: NNNNNNWNNNNWWW
Case #46: ESW
Case #47: ESSWSSSSSSSSEES
Case #48: SSSSSSSS
Case #49: EEEEEEEEWEEE
Case #50: SEESSSSSSSSSSSWWWWWW
